Build started 6/24/2013 2:44:34 PM.
     1>Project "C:\Users\Student\Desktop\Curl\C++\Money\Money\Money.vcxproj" on node 2 (build target(s)).
     1>InitializeBuildStatus:
         Touching "Debug\Money.unsuccessfulbuild".
       ClCompile:
         c:\Program Files (x86)\Microsoft Visual Studio 10.0\VC\bin\CL.exe /c /ZI /nologo /W3 /WX- /Od /Oy- /D WIN32 /D _DEBUG /D _CONSOLE /D _UNICODE /D UNICODE /Gm /EHsc /RTC1 /MDd /GS /fp:precise /Zc:wchar_t /Zc:forScope /Fo"Debug\\" /Fd"Debug\vc100.pdb" /Gd /TP /analyze- /errorReport:prompt "Money count.cpp"
         Money count.cpp
     1>c:\users\student\desktop\curl\c++\money\money\money count.cpp(14): error C2086: 'int withdrawl' : redefinition
                 c:\users\student\desktop\curl\c++\money\money\money count.cpp(10) : see declaration of 'withdrawl'
     1>c:\users\student\desktop\curl\c++\money\money\money count.cpp(15): error C2144: syntax error : 'int' should be preceded by ';'
     1>c:\users\student\desktop\curl\c++\money\money\money count.cpp(15): error C2086: 'int base' : redefinition
                 c:\users\student\desktop\curl\c++\money\money\money count.cpp(12) : see declaration of 'base'
     1>c:\users\student\desktop\curl\c++\money\money\money count.cpp(16): error C2144: syntax error : 'int' should be preceded by ';'
     1>c:\users\student\desktop\curl\c++\money\money\money count.cpp(16): error C2086: 'int deposit' : redefinition
                 c:\users\student\desktop\curl\c++\money\money\money count.cpp(11) : see declaration of 'deposit'
     1>c:\users\student\desktop\curl\c++\money\money\money count.cpp(17): error C2144: syntax error : 'int' should be preceded by ';'
     1>c:\users\student\desktop\curl\c++\money\money\money count.cpp(17): error C2086: 'int money' : redefinition
                 c:\users\student\desktop\curl\c++\money\money\money count.cpp(9) : see declaration of 'money'
     1>c:\users\student\desktop\curl\c++\money\money\money count.cpp(19): error C2110: '+' : cannot add two pointers
     1>c:\users\student\desktop\curl\c++\money\money\money count.cpp(21): error C2143: syntax error : missing ';' before '}'
     1>Done Building Project "C:\Users\Student\Desktop\Curl\C++\Money\Money\Money.vcxproj" (build target(s)) -- FAILED.

Build FAILED.

Time Elapsed 00:00:00.30
