Build started 6/25/2013 11:28:04 AM.
     1>Project "C:\Users\Student\Desktop\Curl\C++\Final Project\Final Project\Final Project.vcxproj" on node 2 (build target(s)).
     1>InitializeBuildStatus:
         Touching "Debug\Final Project.unsuccessfulbuild".
       ClCompile:
         c:\Program Files (x86)\Microsoft Visual Studio 10.0\VC\bin\CL.exe /c /ZI /nologo /W3 /WX- /Od /Oy- /D WIN32 /D _DEBUG /D _CONSOLE /D _UNICODE /D UNICODE /Gm /EHsc /RTC1 /MDd /GS /fp:precise /Zc:wchar_t /Zc:forScope /Fo"Debug\\" /Fd"Debug\vc100.pdb" /Gd /TP /analyze- /errorReport:prompt "final project.cpp"
         final project.cpp
     1>c:\users\student\desktop\curl\c++\final project\final project\final project.cpp(11): error C2784: 'std::_String_iterator<_Elem,_Traits,_Alloc> std::operator +(_String_iterator<_Elem,_Traits,_Alloc>::difference_type,std::_String_iterator<_Elem,_Traits,_Alloc>)' : could not deduce template argument for 'std::_String_iterator<_Elem,_Traits,_Alloc>' from 'std::string'
                 c:\program files (x86)\microsoft visual studio 10.0\vc\include\xstring(434) : see declaration of 'std::operator +'
     1>c:\users\student\desktop\curl\c++\final project\final project\final project.cpp(11): error C2784: 'std::_String_iterator<_Elem,_Traits,_Alloc> std::operator +(_String_iterator<_Elem,_Traits,_Alloc>::difference_type,std::_String_iterator<_Elem,_Traits,_Alloc>)' : could not deduce template argument for 'std::_String_iterator<_Elem,_Traits,_Alloc>' from 'std::string'
                 c:\program files (x86)\microsoft visual studio 10.0\vc\include\xstring(434) : see declaration of 'std::operator +'
     1>c:\users\student\desktop\curl\c++\final project\final project\final project.cpp(11): error C2784: 'std::_String_iterator<_Elem,_Traits,_Alloc> std::operator +(_String_iterator<_Elem,_Traits,_Alloc>::difference_type,std::_String_iterator<_Elem,_Traits,_Alloc>)' : could not deduce template argument for 'std::_String_iterator<_Elem,_Traits,_Alloc>' from 'std::string'
                 c:\program files (x86)\microsoft visual studio 10.0\vc\include\xstring(434) : see declaration of 'std::operator +'
     1>c:\users\student\desktop\curl\c++\final project\final project\final project.cpp(11): error C2784: 'std::_String_const_iterator<_Elem,_Traits,_Alloc> std::operator +(_String_const_iterator<_Elem,_Traits,_Alloc>::difference_type,std::_String_const_iterator<_Elem,_Traits,_Alloc>)' : could not deduce template argument for 'std::_String_const_iterator<_Elem,_Traits,_Alloc>' from 'std::string'
                 c:\program files (x86)\microsoft visual studio 10.0\vc\include\xstring(293) : see declaration of 'std::operator +'
     1>c:\users\student\desktop\curl\c++\final project\final project\final project.cpp(11): error C2784: 'std::_String_const_iterator<_Elem,_Traits,_Alloc> std::operator +(_String_const_iterator<_Elem,_Traits,_Alloc>::difference_type,std::_String_const_iterator<_Elem,_Traits,_Alloc>)' : could not deduce template argument for 'std::_String_const_iterator<_Elem,_Traits,_Alloc>' from 'std::string'
                 c:\program files (x86)\microsoft visual studio 10.0\vc\include\xstring(293) : see declaration of 'std::operator +'
     1>c:\users\student\desktop\curl\c++\final project\final project\final project.cpp(11): error C2784: 'std::_String_const_iterator<_Elem,_Traits,_Alloc> std::operator +(_String_const_iterator<_Elem,_Traits,_Alloc>::difference_type,std::_String_const_iterator<_Elem,_Traits,_Alloc>)' : could not deduce template argument for 'std::_String_const_iterator<_Elem,_Traits,_Alloc>' from 'std::string'
                 c:\program files (x86)\microsoft visual studio 10.0\vc\include\xstring(293) : see declaration of 'std::operator +'
     1>c:\users\student\desktop\curl\c++\final project\final project\final project.cpp(11): error C2784: 'std::_Array_iterator<_Ty,_Size> std::operator +(_Array_iterator<_Ty,_Size>::difference_type,std::_Array_iterator<_Ty,_Size>)' : could not deduce template argument for 'std::_Array_iterator<_Ty,_Size>' from 'std::string'
                 c:\program files (x86)\microsoft visual studio 10.0\vc\include\xutility(2080) : see declaration of 'std::operator +'
     1>c:\users\student\desktop\curl\c++\final project\final project\final project.cpp(11): error C2784: 'std::_Array_iterator<_Ty,_Size> std::operator +(_Array_iterator<_Ty,_Size>::difference_type,std::_Array_iterator<_Ty,_Size>)' : could not deduce template argument for 'std::_Array_iterator<_Ty,_Size>' from 'std::string'
                 c:\program files (x86)\microsoft visual studio 10.0\vc\include\xutility(2080) : see declaration of 'std::operator +'
     1>c:\users\student\desktop\curl\c++\final project\final project\final project.cpp(11): error C2784: 'std::_Array_iterator<_Ty,_Size> std::operator +(_Array_iterator<_Ty,_Size>::difference_type,std::_Array_iterator<_Ty,_Size>)' : could not deduce template argument for 'std::_Array_iterator<_Ty,_Size>' from 'std::string'
                 c:\program files (x86)\microsoft visual studio 10.0\vc\include\xutility(2080) : see declaration of 'std::operator +'
     1>c:\users\student\desktop\curl\c++\final project\final project\final project.cpp(11): error C2784: 'std::_Array_const_iterator<_Ty,_Size> std::operator +(_Array_const_iterator<_Ty,_Size>::difference_type,std::_Array_const_iterator<_Ty,_Size>)' : could not deduce template argument for 'std::_Array_const_iterator<_Ty,_Size>' from 'std::string'
                 c:\program files (x86)\microsoft visual studio 10.0\vc\include\xutility(1941) : see declaration of 'std::operator +'
     1>c:\users\student\desktop\curl\c++\final project\final project\final project.cpp(11): error C2784: 'std::_Array_const_iterator<_Ty,_Size> std::operator +(_Array_const_iterator<_Ty,_Size>::difference_type,std::_Array_const_iterator<_Ty,_Size>)' : could not deduce template argument for 'std::_Array_const_iterator<_Ty,_Size>' from 'std::string'
                 c:\program files (x86)\microsoft visual studio 10.0\vc\include\xutility(1941) : see declaration of 'std::operator +'
     1>c:\users\student\desktop\curl\c++\final project\final project\final project.cpp(11): error C2784: 'std::_Array_const_iterator<_Ty,_Size> std::operator +(_Array_const_iterator<_Ty,_Size>::difference_type,std::_Array_const_iterator<_Ty,_Size>)' : could not deduce template argument for 'std::_Array_const_iterator<_Ty,_Size>' from 'std::string'
                 c:\program files (x86)\microsoft visual studio 10.0\vc\include\xutility(1941) : see declaration of 'std::operator +'
     1>c:\users\student\desktop\curl\c++\final project\final project\final project.cpp(11): error C2784: 'std::reverse_iterator<_RanIt> std::operator +(_Diff,const std::reverse_iterator<_RanIt> &)' : could not deduce template argument for 'const std::reverse_iterator<_RanIt> &' from 'std::string'
                 c:\program files (x86)\microsoft visual studio 10.0\vc\include\xutility(1335) : see declaration of 'std::operator +'
     1>c:\users\student\desktop\curl\c++\final project\final project\final project.cpp(11): error C2784: 'std::reverse_iterator<_RanIt> std::operator +(_Diff,const std::reverse_iterator<_RanIt> &)' : could not deduce template argument for 'const std::reverse_iterator<_RanIt> &' from 'std::string'
                 c:\program files (x86)\microsoft visual studio 10.0\vc\include\xutility(1335) : see declaration of 'std::operator +'
     1>c:\users\student\desktop\curl\c++\final project\final project\final project.cpp(11): error C2784: 'std::reverse_iterator<_RanIt> std::operator +(_Diff,const std::reverse_iterator<_RanIt> &)' : could not deduce template argument for 'const std::reverse_iterator<_RanIt> &' from 'std::string'
                 c:\program files (x86)\microsoft visual studio 10.0\vc\include\xutility(1335) : see declaration of 'std::operator +'
     1>c:\users\student\desktop\curl\c++\final project\final project\final project.cpp(11): error C2784: 'std::_Revranit<_RanIt,_Base> std::operator +(_Diff,const std::_Revranit<_RanIt,_Base> &)' : could not deduce template argument for 'const std::_Revranit<_RanIt,_Base> &' from 'std::string'
                 c:\program files (x86)\microsoft visual studio 10.0\vc\include\xutility(1148) : see declaration of 'std::operator +'
     1>c:\users\student\desktop\curl\c++\final project\final project\final project.cpp(11): error C2784: 'std::_Revranit<_RanIt,_Base> std::operator +(_Diff,const std::_Revranit<_RanIt,_Base> &)' : could not deduce template argument for 'const std::_Revranit<_RanIt,_Base> &' from 'std::string'
                 c:\program files (x86)\microsoft visual studio 10.0\vc\include\xutility(1148) : see declaration of 'std::operator +'
     1>c:\users\student\desktop\curl\c++\final project\final project\final project.cpp(11): error C2784: 'std::_Revranit<_RanIt,_Base> std::operator +(_Diff,const std::_Revranit<_RanIt,_Base> &)' : could not deduce template argument for 'const std::_Revranit<_RanIt,_Base> &' from 'std::string'
                 c:\program files (x86)\microsoft visual studio 10.0\vc\include\xutility(1148) : see declaration of 'std::operator +'
     1>c:\users\student\desktop\curl\c++\final project\final project\final project.cpp(11): error C2676: binary '+' : 'std::string' does not define this operator or a conversion to a type acceptable to the predefined operator
     1>c:\users\student\desktop\curl\c++\final project\final project\final project.cpp(12): error C2784: 'bool std::operator <=(const std::reverse_iterator<_RanIt> &,const std::reverse_iterator<_RanIt2> &)' : could not deduce template argument for 'const std::reverse_iterator<_RanIt> &' from 'std::string'
                 c:\program files (x86)\microsoft visual studio 10.0\vc\include\xutility(1384) : see declaration of 'std::operator <='
     1>c:\users\student\desktop\curl\c++\final project\final project\final project.cpp(12): error C2784: 'bool std::operator <=(const std::reverse_iterator<_RanIt> &,const std::reverse_iterator<_RanIt2> &)' : could not deduce template argument for 'const std::reverse_iterator<_RanIt> &' from 'std::string'
                 c:\program files (x86)\microsoft visual studio 10.0\vc\include\xutility(1384) : see declaration of 'std::operator <='
     1>c:\users\student\desktop\curl\c++\final project\final project\final project.cpp(12): error C2784: 'bool std::operator <=(const std::reverse_iterator<_RanIt> &,const std::reverse_iterator<_RanIt2> &)' : could not deduce template argument for 'const std::reverse_iterator<_RanIt> &' from 'std::string'
                 c:\program files (x86)\microsoft visual studio 10.0\vc\include\xutility(1384) : see declaration of 'std::operator <='
     1>c:\users\student\desktop\curl\c++\final project\final project\final project.cpp(12): error C2784: 'bool std::operator <=(const std::_Revranit<_RanIt,_Base> &,const std::_Revranit<_RanIt2,_Base2> &)' : could not deduce template argument for 'const std::_Revranit<_RanIt,_Base> &' from 'std::string'
                 c:\program files (x86)\microsoft visual studio 10.0\vc\include\xutility(1213) : see declaration of 'std::operator <='
     1>c:\users\student\desktop\curl\c++\final project\final project\final project.cpp(12): error C2784: 'bool std::operator <=(const std::_Revranit<_RanIt,_Base> &,const std::_Revranit<_RanIt2,_Base2> &)' : could not deduce template argument for 'const std::_Revranit<_RanIt,_Base> &' from 'std::string'
                 c:\program files (x86)\microsoft visual studio 10.0\vc\include\xutility(1213) : see declaration of 'std::operator <='
     1>c:\users\student\desktop\curl\c++\final project\final project\final project.cpp(12): error C2784: 'bool std::operator <=(const std::_Revranit<_RanIt,_Base> &,const std::_Revranit<_RanIt2,_Base2> &)' : could not deduce template argument for 'const std::_Revranit<_RanIt,_Base> &' from 'std::string'
                 c:\program files (x86)\microsoft visual studio 10.0\vc\include\xutility(1213) : see declaration of 'std::operator <='
     1>c:\users\student\desktop\curl\c++\final project\final project\final project.cpp(12): error C2784: 'bool std::operator <=(const std::pair<_Ty1,_Ty2> &,const std::pair<_Ty1,_Ty2> &)' : could not deduce template argument for 'const std::pair<_Ty1,_Ty2> &' from 'std::string'
                 c:\program files (x86)\microsoft visual studio 10.0\vc\include\utility(335) : see declaration of 'std::operator <='
     1>c:\users\student\desktop\curl\c++\final project\final project\final project.cpp(12): error C2784: 'bool std::operator <=(const std::pair<_Ty1,_Ty2> &,const std::pair<_Ty1,_Ty2> &)' : could not deduce template argument for 'const std::pair<_Ty1,_Ty2> &' from 'std::string'
                 c:\program files (x86)\microsoft visual studio 10.0\vc\include\utility(335) : see declaration of 'std::operator <='
     1>c:\users\student\desktop\curl\c++\final project\final project\final project.cpp(12): error C2784: 'bool std::operator <=(const std::pair<_Ty1,_Ty2> &,const std::pair<_Ty1,_Ty2> &)' : could not deduce template argument for 'const std::pair<_Ty1,_Ty2> &' from 'std::string'
                 c:\program files (x86)\microsoft visual studio 10.0\vc\include\utility(335) : see declaration of 'std::operator <='
     1>c:\users\student\desktop\curl\c++\final project\final project\final project.cpp(12): error C2676: binary '<=' : 'std::string' does not define this operator or a conversion to a type acceptable to the predefined operator
     1>c:\users\student\desktop\curl\c++\final project\final project\final project.cpp(12): error C2784: 'bool std::operator <(const std::reverse_iterator<_RanIt> &,const std::reverse_iterator<_RanIt2> &)' : could not deduce template argument for 'const std::reverse_iterator<_RanIt> &' from 'std::string'
                 c:\program files (x86)\microsoft visual studio 10.0\vc\include\xutility(1368) : see declaration of 'std::operator <'
     1>c:\users\student\desktop\curl\c++\final project\final project\final project.cpp(12): error C2784: 'bool std::operator <(const std::reverse_iterator<_RanIt> &,const std::reverse_iterator<_RanIt2> &)' : could not deduce template argument for 'const std::reverse_iterator<_RanIt> &' from 'std::string'
                 c:\program files (x86)\microsoft visual studio 10.0\vc\include\xutility(1368) : see declaration of 'std::operator <'
     1>c:\users\student\desktop\curl\c++\final project\final project\final project.cpp(12): error C2784: 'bool std::operator <(const std::reverse_iterator<_RanIt> &,const std::reverse_iterator<_RanIt2> &)' : could not deduce template argument for 'const std::reverse_iterator<_RanIt> &' from 'std::string'
                 c:\program files (x86)\microsoft visual studio 10.0\vc\include\xutility(1368) : see declaration of 'std::operator <'
     1>c:\users\student\desktop\curl\c++\final project\final project\final project.cpp(12): error C2784: 'bool std::operator <(const std::_Revranit<_RanIt,_Base> &,const std::_Revranit<_RanIt2,_Base2> &)' : could not deduce template argument for 'const std::_Revranit<_RanIt,_Base> &' from 'std::string'
                 c:\program files (x86)\microsoft visual studio 10.0\vc\include\xutility(1191) : see declaration of 'std::operator <'
     1>c:\users\student\desktop\curl\c++\final project\final project\final project.cpp(12): error C2784: 'bool std::operator <(const std::_Revranit<_RanIt,_Base> &,const std::_Revranit<_RanIt2,_Base2> &)' : could not deduce template argument for 'const std::_Revranit<_RanIt,_Base> &' from 'std::string'
                 c:\program files (x86)\microsoft visual studio 10.0\vc\include\xutility(1191) : see declaration of 'std::operator <'
     1>c:\users\student\desktop\curl\c++\final project\final project\final project.cpp(12): error C2784: 'bool std::operator <(const std::_Revranit<_RanIt,_Base> &,const std::_Revranit<_RanIt2,_Base2> &)' : could not deduce template argument for 'const std::_Revranit<_RanIt,_Base> &' from 'std::string'
                 c:\program files (x86)\microsoft visual studio 10.0\vc\include\xutility(1191) : see declaration of 'std::operator <'
     1>c:\users\student\desktop\curl\c++\final project\final project\final project.cpp(12): error C2784: 'bool std::operator <(const std::pair<_Ty1,_Ty2> &,const std::pair<_Ty1,_Ty2> &)' : could not deduce template argument for 'const std::pair<_Ty1,_Ty2> &' from 'std::string'
                 c:\program files (x86)\microsoft visual studio 10.0\vc\include\utility(318) : see declaration of 'std::operator <'
     1>c:\users\student\desktop\curl\c++\final project\final project\final project.cpp(12): error C2784: 'bool std::operator <(const std::pair<_Ty1,_Ty2> &,const std::pair<_Ty1,_Ty2> &)' : could not deduce template argument for 'const std::pair<_Ty1,_Ty2> &' from 'std::string'
                 c:\program files (x86)\microsoft visual studio 10.0\vc\include\utility(318) : see declaration of 'std::operator <'
     1>c:\users\student\desktop\curl\c++\final project\final project\final project.cpp(12): error C2784: 'bool std::operator <(const std::pair<_Ty1,_Ty2> &,const std::pair<_Ty1,_Ty2> &)' : could not deduce template argument for 'const std::pair<_Ty1,_Ty2> &' from 'std::string'
                 c:\program files (x86)\microsoft visual studio 10.0\vc\include\utility(318) : see declaration of 'std::operator <'
     1>c:\users\student\desktop\curl\c++\final project\final project\final project.cpp(12): error C2676: binary '<' : 'std::string' does not define this operator or a conversion to a type acceptable to the predefined operator
     1>c:\users\student\desktop\curl\c++\final project\final project\final project.cpp(12): error C2676: binary '++' : 'std::string' does not define this operator or a conversion to a type acceptable to the predefined operator
     1>c:\users\student\desktop\curl\c++\final project\final project\final project.cpp(14): error C2679: binary '<<' : no operator found which takes a right-hand operand of type 'std::string' (or there is no acceptable conversion)
                 c:\program files (x86)\microsoft visual studio 10.0\vc\include\ostream(679): could be 'std::basic_ostream<_Elem,_Traits> &std::operator <<<char,std::char_traits<char>>(std::basic_ostream<_Elem,_Traits> &,const char *)'
                 with
                 [
                     _Elem=char,
                     _Traits=std::char_traits<char>
                 ]
                 c:\program files (x86)\microsoft visual studio 10.0\vc\include\ostream(726): or       'std::basic_ostream<_Elem,_Traits> &std::operator <<<char,std::char_traits<char>>(std::basic_ostream<_Elem,_Traits> &,char)'
                 with
                 [
                     _Elem=char,
                     _Traits=std::char_traits<char>
                 ]
                 c:\program files (x86)\microsoft visual studio 10.0\vc\include\ostream(764): or       'std::basic_ostream<_Elem,_Traits> &std::operator <<<std::char_traits<char>>(std::basic_ostream<_Elem,_Traits> &,const char *)'
                 with
                 [
                     _Elem=char,
                     _Traits=std::char_traits<char>
                 ]
                 c:\program files (x86)\microsoft visual studio 10.0\vc\include\ostream(811): or       'std::basic_ostream<_Elem,_Traits> &std::operator <<<std::char_traits<char>>(std::basic_ostream<_Elem,_Traits> &,char)'
                 with
                 [
                     _Elem=char,
                     _Traits=std::char_traits<char>
                 ]
                 c:\program files (x86)\microsoft visual studio 10.0\vc\include\ostream(937): or       'std::basic_ostream<_Elem,_Traits> &std::operator <<<std::char_traits<char>>(std::basic_ostream<_Elem,_Traits> &,const signed char *)'
                 with
                 [
                     _Elem=char,
                     _Traits=std::char_traits<char>
                 ]
                 c:\program files (x86)\microsoft visual studio 10.0\vc\include\ostream(944): or       'std::basic_ostream<_Elem,_Traits> &std::operator <<<std::char_traits<char>>(std::basic_ostream<_Elem,_Traits> &,signed char)'
                 with
                 [
                     _Elem=char,
                     _Traits=std::char_traits<char>
                 ]
                 c:\program files (x86)\microsoft visual studio 10.0\vc\include\ostream(951): or       'std::basic_ostream<_Elem,_Traits> &std::operator <<<std::char_traits<char>>(std::basic_ostream<_Elem,_Traits> &,const unsigned char *)'
                 with
                 [
                     _Elem=char,
                     _Traits=std::char_traits<char>
                 ]
                 c:\program files (x86)\microsoft visual studio 10.0\vc\include\ostream(958): or       'std::basic_ostream<_Elem,_Traits> &std::operator <<<std::char_traits<char>>(std::basic_ostream<_Elem,_Traits> &,unsigned char)'
                 with
                 [
                     _Elem=char,
                     _Traits=std::char_traits<char>
                 ]
                 c:\program files (x86)\microsoft visual studio 10.0\vc\include\ostream(968): or       'std::basic_ostream<_Elem,_Traits> &std::operator <<<char,std::char_traits<char>,std::string>(std::basic_ostream<_Elem,_Traits> &&,_Ty)'
                 with
                 [
                     _Elem=char,
                     _Traits=std::char_traits<char>,
                     _Ty=std::string
                 ]
                 c:\program files (x86)\microsoft visual studio 10.0\vc\include\ostream(1085): or       'std::basic_ostream<_Elem,_Traits> &std::operator <<<char,std::char_traits<char>>(std::basic_ostream<_Elem,_Traits> &,const std::error_code &)'
                 with
                 [
                     _Elem=char,
                     _Traits=std::char_traits<char>
                 ]
                 c:\program files (x86)\microsoft visual studio 10.0\vc\include\ostream(186): or       'std::basic_ostream<_Elem,_Traits> &std::basic_ostream<_Elem,_Traits>::operator <<(std::basic_ostream<_Elem,_Traits> &(__cdecl *)(std::basic_ostream<_Elem,_Traits> &))'
                 with
                 [
                     _Elem=char,
                     _Traits=std::char_traits<char>
                 ]
                 c:\program files (x86)\microsoft visual studio 10.0\vc\include\ostream(192): or       'std::basic_ostream<_Elem,_Traits> &std::basic_ostream<_Elem,_Traits>::operator <<(std::basic_ios<_Elem,_Traits> &(__cdecl *)(std::basic_ios<_Elem,_Traits> &))'
                 with
                 [
                     _Elem=char,
                     _Traits=std::char_traits<char>
                 ]
                 c:\program files (x86)\microsoft visual studio 10.0\vc\include\ostream(199): or       'std::basic_ostream<_Elem,_Traits> &std::basic_ostream<_Elem,_Traits>::operator <<(std::ios_base &(__cdecl *)(std::ios_base &))'
                 with
                 [
                     _Elem=char,
                     _Traits=std::char_traits<char>
                 ]
                 c:\program files (x86)\microsoft visual studio 10.0\vc\include\ostream(206): or       'std::basic_ostream<_Elem,_Traits> &std::basic_ostream<_Elem,_Traits>::operator <<(std::_Bool)'
                 with
                 [
                     _Elem=char,
                     _Traits=std::char_traits<char>
                 ]
                 c:\program files (x86)\microsoft visual studio 10.0\vc\include\ostream(226): or       'std::basic_ostream<_Elem,_Traits> &std::basic_ostream<_Elem,_Traits>::operator <<(short)'
                 with
                 [
                     _Elem=char,
                     _Traits=std::char_traits<char>
                 ]
                 c:\program files (x86)\microsoft visual studio 10.0\vc\include\ostream(260): or       'std::basic_ostream<_Elem,_Traits> &std::basic_ostream<_Elem,_Traits>::operator <<(unsigned short)'
                 with
                 [
                     _Elem=char,
                     _Traits=std::char_traits<char>
                 ]
                 c:\program files (x86)\microsoft visual studio 10.0\vc\include\ostream(280): or       'std::basic_ostream<_Elem,_Traits> &std::basic_ostream<_Elem,_Traits>::operator <<(int)'
                 with
                 [
                     _Elem=char,
                     _Traits=std::char_traits<char>
                 ]
                 c:\program files (x86)\microsoft visual studio 10.0\vc\include\ostream(305): or       'std::basic_ostream<_Elem,_Traits> &std::basic_ostream<_Elem,_Traits>::operator <<(unsigned int)'
                 with
                 [
                     _Elem=char,
                     _Traits=std::char_traits<char>
                 ]
                 c:\program files (x86)\microsoft visual studio 10.0\vc\include\ostream(325): or       'std::basic_ostream<_Elem,_Traits> &std::basic_ostream<_Elem,_Traits>::operator <<(long)'
                 with
                 [
                     _Elem=char,
                     _Traits=std::char_traits<char>
                 ]
                 c:\program files (x86)\microsoft visual studio 10.0\vc\include\ostream(345): or       'std::basic_ostream<_Elem,_Traits> &std::basic_ostream<_Elem,_Traits>::operator <<(unsigned long)'
                 with
                 [
                     _Elem=char,
                     _Traits=std::char_traits<char>
                 ]
                 c:\program files (x86)\microsoft visual studio 10.0\vc\include\ostream(366): or       'std::basic_ostream<_Elem,_Traits> &std::basic_ostream<_Elem,_Traits>::operator <<(__int64)'
                 with
                 [
                     _Elem=char,
                     _Traits=std::char_traits<char>
                 ]
                 c:\program files (x86)\microsoft visual studio 10.0\vc\include\ostream(386): or       'std::basic_ostream<_Elem,_Traits> &std::basic_ostream<_Elem,_Traits>::operator <<(unsigned __int64)'
                 with
                 [
                     _Elem=char,
                     _Traits=std::char_traits<char>
                 ]
                 c:\program files (x86)\microsoft visual studio 10.0\vc\include\ostream(407): or       'std::basic_ostream<_Elem,_Traits> &std::basic_ostream<_Elem,_Traits>::operator <<(float)'
                 with
                 [
                     _Elem=char,
                     _Traits=std::char_traits<char>
                 ]
                 c:\program files (x86)\microsoft visual studio 10.0\vc\include\ostream(427): or       'std::basic_ostream<_Elem,_Traits> &std::basic_ostream<_Elem,_Traits>::operator <<(double)'
                 with
                 [
                     _Elem=char,
                     _Traits=std::char_traits<char>
                 ]
                 c:\program files (x86)\microsoft visual studio 10.0\vc\include\ostream(447): or       'std::basic_ostream<_Elem,_Traits> &std::basic_ostream<_Elem,_Traits>::operator <<(long double)'
                 with
                 [
                     _Elem=char,
                     _Traits=std::char_traits<char>
                 ]
                 c:\program files (x86)\microsoft visual studio 10.0\vc\include\ostream(467): or       'std::basic_ostream<_Elem,_Traits> &std::basic_ostream<_Elem,_Traits>::operator <<(const void *)'
                 with
                 [
                     _Elem=char,
                     _Traits=std::char_traits<char>
                 ]
                 c:\program files (x86)\microsoft visual studio 10.0\vc\include\ostream(487): or       'std::basic_ostream<_Elem,_Traits> &std::basic_ostream<_Elem,_Traits>::operator <<(std::basic_streambuf<_Elem,_Traits> *)'
                 with
                 [
                     _Elem=char,
                     _Traits=std::char_traits<char>
                 ]
                 while trying to match the argument list '(std::ostream, std::string)'
     1>Done Building Project "C:\Users\Student\Desktop\Curl\C++\Final Project\Final Project\Final Project.vcxproj" (build target(s)) -- FAILED.

Build FAILED.

Time Elapsed 00:00:00.34
