Build started 7/2/2013 3:19:00 PM.
     1>Project "C:\Users\Student\Desktop\Curl\C++\timer\timer\timer.vcxproj" on node 2 (build target(s)).
     1>InitializeBuildStatus:
         Touching "Debug\timer.unsuccessfulbuild".
       ClCompile:
         c:\Program Files (x86)\Microsoft Visual Studio 10.0\VC\bin\CL.exe /c /ZI /nologo /W3 /WX- /Od /Oy- /D WIN32 /D _DEBUG /D _CONSOLE /D _UNICODE /D UNICODE /Gm /EHsc /RTC1 /MDd /GS /fp:precise /Zc:wchar_t /Zc:forScope /Fo"Debug\\" /Fd"Debug\vc100.pdb" /Gd /TP /analyze- /errorReport:prompt timer.cpp
         timer.cpp
     1>c:\users\student\desktop\curl\c++\timer\timer\timer.cpp(13): error C2668: 'sqrt' : ambiguous call to overloaded function
                 c:\program files (x86)\microsoft visual studio 10.0\vc\include\math.h(589): could be 'long double sqrt(long double)'
                 c:\program files (x86)\microsoft visual studio 10.0\vc\include\math.h(541): or       'float sqrt(float)'
                 c:\program files (x86)\microsoft visual studio 10.0\vc\include\math.h(127): or       'double sqrt(double)'
                 while trying to match the argument list '(int)'
     1>Done Building Project "C:\Users\Student\Desktop\Curl\C++\timer\timer\timer.vcxproj" (build target(s)) -- FAILED.

Build FAILED.

Time Elapsed 00:00:00.31
