Build started 6/27/2013 10:13:58 AM.
     1>Project "C:\Users\Student\Desktop\Curl\C++\memory\memory\memory.vcxproj" on node 2 (build target(s)).
     1>InitializeBuildStatus:
         Touching "Debug\memory.unsuccessfulbuild".
       ClCompile:
         c:\Program Files (x86)\Microsoft Visual Studio 10.0\VC\bin\CL.exe /c /ZI /nologo /W3 /WX- /Od /Oy- /D WIN32 /D _DEBUG /D _CONSOLE /D _UNICODE /D UNICODE /Gm /EHsc /RTC1 /MDd /GS /fp:precise /Zc:wchar_t /Zc:forScope /Fo"Debug\\" /Fd"Debug\vc100.pdb" /Gd /TP /analyze- /errorReport:prompt memory.cpp
         memory.cpp
       ManifestResourceCompile:
         All outputs are up-to-date.
       Link:
         c:\Program Files (x86)\Microsoft Visual Studio 10.0\VC\bin\link.exe /ERRORREPORT:PROMPT /OUT:"C:\Users\Student\Desktop\Curl\C++\memory\Debug\memory.exe" /INCREMENTAL /NOLOGO kernel32.lib user32.lib gdi32.lib winspool.lib comdlg32.lib advapi32.lib shell32.lib ole32.lib oleaut32.lib uuid.lib odbc32.lib odbccp32.lib /MANIFEST /ManifestFile:"Debug\memory.exe.intermediate.manifest" /MANIFESTUAC:"level='asInvoker' uiAccess='false'" /DEBUG /PDB:"C:\Users\Student\Desktop\Curl\C++\memory\Debug\memory.pdb" /SUBSYSTEM:CONSOLE /TLBID:1 /DYNAMICBASE /NXCOMPAT /IMPLIB:"C:\Users\Student\Desktop\Curl\C++\memory\Debug\memory.lib" /MACHINE:X86 Debug\memory.exe.embed.manifest.res
         Debug\memory.obj
     1>MSVCRTD.lib(crtexe.obj) : error LNK2019: unresolved external symbol _main referenced in function ___tmainCRTStartup
     1>C:\Users\Student\Desktop\Curl\C++\memory\Debug\memory.exe : fatal error LNK1120: 1 unresolved externals
     1>Done Building Project "C:\Users\Student\Desktop\Curl\C++\memory\memory\memory.vcxproj" (build target(s)) -- FAILED.

Build FAILED.

Time Elapsed 00:00:00.45
